22:14:41,669 DEBUG BasicTypeRegistry:146 - Adding type registration java.lang.Byte -> org.hibernate.type.ByteType@5a0b65e0
22:14:41,671 DEBUG BasicTypeRegistry:146 - Adding type registration character -> org.hibernate.type.CharacterType@59834848
22:14:41,671 DEBUG BasicTypeRegistry:146 - Adding type registration char -> org.hibernate.type.CharacterType@59834848
22:14:41,672 DEBUG BasicTypeRegistry:146 - Adding type registration java.lang.Character -> org.hibernate.type.CharacterType@59834848
22:14:41,675 DEBUG BasicTypeRegistry:146 - Adding type registration short -> org.hibernate.type.ShortType@2866bb78
22:14:41,675 DEBUG BasicTypeRegistry:146 - Adding type registration short -> org.hibernate.type.ShortType@2866bb78
22:14:41,676 DEBUG BasicTypeRegistry:146 - Adding type registration java.lang.Short -> org.hibernate.type.ShortType@2866bb78
22:14:41,678 DEBUG BasicTypeRegistry:146 - Adding type registration integer -> org.hibernate.type.IntegerType@11bd1bf7
22:14:41,678 DEBUG BasicTypeRegistry:146 - Adding type registration int -> org.hibernate.type.IntegerType@11bd1bf7
22:14:41,678 DEBUG BasicTypeRegistry:146 - Adding type registration java.lang.Integer -> org.hibernate.type.IntegerType@11bd1bf7
22:14:41,681 DEBUG BasicTypeRegistry:146 - Adding type registration long -> org.hibernate.type.LongType@5901d85a
22:14:41,681 DEBUG BasicTypeRegistry:146 - Adding type registration long -> org.hibernate.type.LongType@5901d85a
22:14:41,682 DEBUG BasicTypeRegistry:146 - Adding type registration java.lang.Long -> org.hibernate.type.LongType@5901d85a
22:14:41,684 DEBUG BasicTypeRegistry:146 - Adding type registration float -> org.hibernate.type.FloatType@12b2bde5
22:14:41,685 DEBUG BasicTypeRegistry:146 - Adding type registration float -> org.hibernate.type.FloatType@12b2bde5
22:14:41,685 DEBUG BasicTypeRegistry:146 - Adding type registration java.lang.Float -> org.hibernate.type.FloatType@12b2bde5
22:14:41,687 DEBUG BasicTypeRegistry:146 - Adding type registration double -> org.hibernate.type.DoubleType@315c9cb8
22:14:41,688 DEBUG BasicTypeRegistry:146 - Adding type registration double -> org.hibernate.type.DoubleType@315c9cb8
22:14:41,688 DEBUG BasicTypeRegistry:146 - Adding type registration java.lang.Double -> org.hibernate.type.DoubleType@315c9cb8
22:14:41,691 DEBUG BasicTypeRegistry:146 - Adding type registration big_decimal -> org.hibernate.type.BigDecimalType@3c589375
22:14:41,691 DEBUG BasicTypeRegistry:146 - Adding type registration java.math.BigDecimal -> org.hibernate.type.BigDecimalType@3c589375
22:14:41,693 DEBUG BasicTypeRegistry:146 - Adding type registration big_integer -> org.hibernate.type.BigIntegerType@75775dde
22:14:41,693 DEBUG BasicTypeRegistry:146 - Adding type registration java.math.BigInteger -> org.hibernate.type.BigIntegerType@75775dde
22:14:41,695 DEBUG BasicTypeRegistry:146 - Adding type registration string -> org.hibernate.type.StringType@1c466919
22:14:41,695 DEBUG BasicTypeRegistry:146 - Adding type registration java.lang.String -> org.hibernate.type.StringType@1c466919
22:14:41,697 DEBUG BasicTypeRegistry:146 - Adding type registration nstring -> org.hibernate.type.StringNVarcharType@6fc62aa8
22:14:41,698 DEBUG BasicTypeRegistry:146 - Adding type registration ncharacter -> org.hibernate.type.CharacterNCharType@44aab64
22:14:41,700 DEBUG BasicTypeRegistry:146 - Adding type registration url -> org.hibernate.type.UrlType@652130d1
22:14:41,700 DEBUG BasicTypeRegistry:146 - Adding type registration java.net.URL -> org.hibernate.type.UrlType@652130d1
22:14:41,703 DEBUG BasicTypeRegistry:146 - Adding type registration date -> org.hibernate.type.DateType@46d0cc3a
22:14:41,703 DEBUG BasicTypeRegistry:146 - Adding type registration java.sql.Date -> org.hibernate.type.DateType@46d0cc3a
22:14:41,705 DEBUG BasicTypeRegistry:146 - Adding type registration time -> org.hibernate.type.TimeType@415daaef
22:14:41,706 DEBUG BasicTypeRegistry:146 - Adding type registration java.sql.Time -> org.hibernate.type.TimeType@415daaef
22:14:41,708 DEBUG BasicTypeRegistry:146 - Adding type registration timestamp -> org.hibernate.type.TimestampType@7f7f5281
22:14:41,708 DEBUG BasicTypeRegistry:146 - Adding type registration java.sql.Timestamp -> org.hibernate.type.TimestampType@7f7f5281
22:14:41,709 DEBUG BasicTypeRegistry:146 - Adding type registration java.util.Date -> org.hibernate.type.TimestampType@7f7f5281
22:14:41,711 DEBUG BasicTypeRegistry:146 - Adding type registration dbtimestamp -> org.hibernate.type.DbTimestampType@1c995665
22:14:41,712 DEBUG BasicTypeRegistry:146 - Adding type registration calendar -> org.hibernate.type.CalendarType@dfa4f8d
22:14:41,713 DEBUG BasicTypeRegistry:146 - Adding type registration java.util.Calendar -> org.hibernate.type.CalendarType@dfa4f8d
22:14:41,713 DEBUG BasicTypeRegistry:146 - Adding type registration java.util.GregorianCalendar -> org.hibernate.type.CalendarType@dfa4f8d
22:14:41,714 DEBUG BasicTypeRegistry:146 - Adding type registration calendar_date -> org.hibernate.type.CalendarDateType@7fbcac12
22:14:41,716 DEBUG BasicTypeRegistry:146 - Adding type registration locale -> org.hibernate.type.LocaleType@66a7086f
22:14:41,716 DEBUG BasicTypeRegistry:146 - Adding type registration java.util.Locale -> org.hibernate.type.LocaleType@66a7086f
22:14:41,718 DEBUG BasicTypeRegistry:146 - Adding type registration currency -> org.hibernate.type.CurrencyType@784d66f8
22:14:41,718 DEBUG BasicTypeRegistry:146 - Adding type registration java.util.Currency -> org.hibernate.type.CurrencyType@784d66f8
22:14:41,719 DEBUG BasicTypeRegistry:146 - Adding type registration timezone -> org.hibernate.type.TimeZoneType@3f9ab1bf
22:14:41,720 DEBUG BasicTypeRegistry:146 - Adding type registration java.util.TimeZone -> org.hibernate.type.TimeZoneType@3f9ab1bf
22:14:41,721 DEBUG BasicTypeRegistry:146 - Adding type registration class -> org.hibernate.type.ClassType@71ce109a
22:14:41,721 DEBUG BasicTypeRegistry:146 - Adding type registration java.lang.Class -> org.hibernate.type.ClassType@71ce109a
22:14:41,724 DEBUG BasicTypeRegistry:146 - Adding type registration uuid-binary -> org.hibernate.type.UUIDBinaryType@72a548e4
22:14:41,724 DEBUG BasicTypeRegistry:146 - Adding type registration java.util.UUID -> org.hibernate.type.UUIDBinaryType@72a548e4
22:14:41,725 DEBUG BasicTypeRegistry:146 - Adding type registration uuid-char -> org.hibernate.type.UUIDCharType@6ff0ccc2
22:14:41,726 DEBUG BasicTypeRegistry:146 - Adding type registration pg-uuid -> org.hibernate.type.PostgresUUIDType@3f757322
22:14:41,728 DEBUG BasicTypeRegistry:146 - Adding type registration binary -> org.hibernate.type.BinaryType@4099a992
22:14:41,728 DEBUG BasicTypeRegistry:146 - Adding type registration byte[] -> org.hibernate.type.BinaryType@4099a992
22:14:41,729 DEBUG BasicTypeRegistry:146 - Adding type registration [B -> org.hibernate.type.BinaryType@4099a992
22:14:41,730 DEBUG BasicTypeRegistry:146 - Adding type registration wrapper-binary -> org.hibernate.type.WrapperBinaryType@37f75468
22:14:41,731 DEBUG BasicTypeRegistry:146 - Adding type registration Byte[] -> org.hibernate.type.WrapperBinaryType@37f75468
22:14:41,731 DEBUG BasicTypeRegistry:146 - Adding type registration [Ljava.lang.Byte; -> org.hibernate.type.WrapperBinaryType@37f75468
22:14:41,732 DEBUG BasicTypeRegistry:146 - Adding type registration image -> org.hibernate.type.ImageType@3b5ccf46
22:14:41,734 DEBUG BasicTypeRegistry:146 - Adding type registration characters -> org.hibernate.type.CharArrayType@1e5ac2e4
22:14:41,734 DEBUG BasicTypeRegistry:146 - Adding type registration char[] -> org.hibernate.type.CharArrayType@1e5ac2e4
22:14:41,735 DEBUG BasicTypeRegistry:146 - Adding type registration [C -> org.hibernate.type.CharArrayType@1e5ac2e4
22:14:41,736 DEBUG BasicTypeRegistry:146 - Adding type registration wrapper-characters -> org.hibernate.type.CharacterArrayType@78c26d7
22:14:41,736 DEBUG BasicTypeRegistry:146 - Adding type registration [Ljava.lang.Character; -> org.hibernate.type.CharacterArrayType@78c26d7
22:14:41,737 DEBUG BasicTypeRegistry:146 - Adding type registration Character[] -> org.hibernate.type.CharacterArrayType@78c26d7
22:14:41,738 DEBUG BasicTypeRegistry:146 - Adding type registration text -> org.hibernate.type.TextType@23c0e8aa
22:14:41,739 DEBUG BasicTypeRegistry:146 - Adding type registration ntext -> org.hibernate.type.NTextType@5b013dc8
22:14:41,746 DEBUG BasicTypeRegistry:146 - Adding type registration blob -> org.hibernate.type.BlobType@32482417
22:14:41,746 DEBUG BasicTypeRegistry:146 - Adding type registration java.sql.Blob -> org.hibernate.type.BlobType@32482417
22:14:41,747 DEBUG BasicTypeRegistry:146 - Adding type registration materialized_blob -> org.hibernate.type.MaterializedBlobType@31b3c607
22:14:41,753 DEBUG BasicTypeRegistry:146 - Adding type registration clob -> org.hibernate.type.ClobType@5ff8813b
22:14:41,754 DEBUG BasicTypeRegistry:146 - Adding type registration java.sql.Clob -> org.hibernate.type.ClobType@5ff8813b
22:14:41,759 DEBUG BasicTypeRegistry:146 - Adding type registration nclob -> org.hibernate.type.NClobType@72e1c560
22:14:41,759 DEBUG BasicTypeRegistry:146 - Adding type registration java.sql.NClob -> org.hibernate.type.NClobType@72e1c560
22:14:41,760 DEBUG BasicTypeRegistry:146 - Adding type registration materialized_clob -> org.hibernate.type.MaterializedClobType@4a415b46
22:14:41,761 DEBUG BasicTypeRegistry:146 - Adding type registration materialized_nclob -> org.hibernate.type.MaterializedNClobType@6af30a3
22:14:41,763 DEBUG BasicTypeRegistry:146 - Adding type registration serializable -> org.hibernate.type.SerializableType@4038bbd7
22:14:41,767 DEBUG BasicTypeRegistry:146 - Adding type registration object -> org.hibernate.type.ObjectType@2183a41c
22:14:41,767 DEBUG BasicTypeRegistry:146 - Adding type registration java.lang.Object -> org.hibernate.type.ObjectType@2183a41c
22:14:41,768 DEBUG BasicTypeRegistry:146 - Adding type registration imm_date -> org.hibernate.type.AdaptedImmutableType@4224753d
22:14:41,768 DEBUG BasicTypeRegistry:146 - Adding type registration imm_time -> org.hibernate.type.AdaptedImmutableType@6093727d
22:14:41,769 DEBUG BasicTypeRegistry:146 - Adding type registration imm_timestamp -> org.hibernate.type.AdaptedImmutableType@63f12af8
22:14:41,769 DEBUG BasicTypeRegistry:146 - Adding type registration imm_dbtimestamp -> org.hibernate.type.AdaptedImmutableType@323b0e10
22:14:41,769 DEBUG BasicTypeRegistry:146 - Adding type registration imm_calendar -> org.hibernate.type.AdaptedImmutableType@72c350ae
22:14:41,769 DEBUG BasicTypeRegistry:146 - Adding type registration imm_calendar_date -> org.hibernate.type.AdaptedImmutableType@2ab2dd47
22:14:41,770 DEBUG BasicTypeRegistry:146 - Adding type registration imm_binary -> org.hibernate.type.AdaptedImmutableType@277c3833
22:14:41,770 DEBUG BasicTypeRegistry:146 - Adding type registration imm_serializable -> org.hibernate.type.AdaptedImmutableType@8012e6
22:14:41,795  INFO Version:66 - HCANN000001: Hibernate Commons Annotations {4.0.4.Final}
22:14:41,805  INFO Version:54 - HHH000412: Hibernate Core {4.3.4.Final}
22:14:41,810  INFO Environment:239 - HHH000206: hibernate.properties not found
22:14:41,813  INFO Environment:346 - HHH000021: Bytecode provider name : javassist
22:14:41,848  INFO Configuration:2073 - HHH000043: Configuring from resource: hibernate.cfg.xml
22:14:41,848  INFO Configuration:2092 - HHH000040: Configuration resource: hibernate.cfg.xml
22:14:41,903  WARN DTDEntityResolver:75 - HHH000223: Recognized obsolete hibernate namespace http://hibernate.sourceforge.net/. Use namespace http://www.hibernate.org/dtd/ instead. Refer to Hibernate 3.6 Migration Guide!
22:14:41,941  INFO Configuration:2214 - HHH000041: Configured SessionFactory: null
22:14:42,054  WARN DriverManagerConnectionProviderImpl:93 - HHH000402: Using Hibernate built-in connection pool (not for production use!)
22:14:42,064  INFO DriverManagerConnectionProviderImpl:166 - HHH000401: using driver [com.mysql.jdbc.Driver] at URL [jdbc:mysql://localhost:3306/servicerepository?zeroDateTimeBehavior=convertToNull]
22:14:42,065  INFO DriverManagerConnectionProviderImpl:175 - HHH000046: Connection properties: {user=root, password=****}
22:14:42,065  INFO DriverManagerConnectionProviderImpl:180 - HHH000006: Autocommit mode: false
22:14:42,067  INFO DriverManagerConnectionProviderImpl:102 - HHH000115: Hibernate connection pool size: 20 (min=1)
22:14:42,336  INFO Dialect:145 - HHH000400: Using dialect: org.hibernate.dialect.MySQLDialect
22:14:42,512  INFO TransactionFactoryInitiator:62 - HHH000399: Using default transaction strategy (direct JDBC transactions)
22:14:42,519  INFO ASTQueryTranslatorFactory:47 - HHH000397: Using ASTQueryTranslatorFactory
22:14:42,552 TRACE TypeFactory:72 - Scoping types to session factory org.hibernate.internal.SessionFactoryImpl@1779e93
22:14:42,820  INFO SchemaExport:343 - HHH000227: Running hbm2ddl schema export
22:14:44,214  INFO SchemaExport:405 - HHH000230: Schema export complete
22:14:44,303  INFO DriverManagerConnectionProviderImpl:281 - HHH000030: Cleaning up connection pool [jdbc:mysql://localhost:3306/servicerepository?zeroDateTimeBehavior=convertToNull]
22:26:39,600 DEBUG BasicTypeRegistry:146 - Adding type registration boolean -> org.hibernate.type.BooleanType@505d72e2
22:26:39,603 DEBUG BasicTypeRegistry:146 - Adding type registration boolean -> org.hibernate.type.BooleanType@505d72e2
22:26:39,603 DEBUG BasicTypeRegistry:146 - Adding type registration java.lang.Boolean -> org.hibernate.type.BooleanType@505d72e2
22:26:39,605 DEBUG BasicTypeRegistry:146 - Adding type registration numeric_boolean -> org.hibernate.type.NumericBooleanType@74e551a4
22:26:39,607 DEBUG BasicTypeRegistry:146 - Adding type registration true_false -> org.hibernate.type.TrueFalseType@35563b4b
22:26:39,608 DEBUG BasicTypeRegistry:146 - Adding type registration yes_no -> org.hibernate.type.YesNoType@53f0d7b0
22:26:39,611 DEBUG BasicTypeRegistry:146 - Adding type registration byte -> org.hibernate.type.ByteType@5a0b65e0
22:26:39,611 DEBUG BasicTypeRegistry:146 - Adding type registration byte -> org.hibernate.type.ByteType@5a0b65e0
22:26:39,612 DEBUG BasicTypeRegistry:146 - Adding type registration java.lang.Byte -> org.hibernate.type.ByteType@5a0b65e0
22:26:39,614 DEBUG BasicTypeRegistry:146 - Adding type registration character -> org.hibernate.type.CharacterType@59834848
22:26:39,614 DEBUG BasicTypeRegistry:146 - Adding type registration char -> org.hibernate.type.CharacterType@59834848
22:26:39,615 DEBUG BasicTypeRegistry:146 - Adding type registration java.lang.Character -> org.hibernate.type.CharacterType@59834848
22:26:39,617 DEBUG BasicTypeRegistry:146 - Adding type registration short -> org.hibernate.type.ShortType@2866bb78
22:26:39,618 DEBUG BasicTypeRegistry:146 - Adding type registration short -> org.hibernate.type.ShortType@2866bb78
22:26:39,618 DEBUG BasicTypeRegistry:146 - Adding type registration java.lang.Short -> org.hibernate.type.ShortType@2866bb78
22:26:39,620 DEBUG BasicTypeRegistry:146 - Adding type registration integer -> org.hibernate.type.IntegerType@11bd1bf7
22:26:39,621 DEBUG BasicTypeRegistry:146 - Adding type registration int -> org.hibernate.type.IntegerType@11bd1bf7
22:26:39,621 DEBUG BasicTypeRegistry:146 - Adding type registration java.lang.Integer -> org.hibernate.type.IntegerType@11bd1bf7
22:26:39,623 DEBUG BasicTypeRegistry:146 - Adding type registration long -> org.hibernate.type.LongType@5901d85a
22:26:39,624 DEBUG BasicTypeRegistry:146 - Adding type registration long -> org.hibernate.type.LongType@5901d85a
22:26:39,624 DEBUG BasicTypeRegistry:146 - Adding type registration java.lang.Long -> org.hibernate.type.LongType@5901d85a
22:26:39,627 DEBUG BasicTypeRegistry:146 - Adding type registration float -> org.hibernate.type.FloatType@12b2bde5
22:26:39,628 DEBUG BasicTypeRegistry:146 - Adding type registration float -> org.hibernate.type.FloatType@12b2bde5
22:26:39,628 DEBUG BasicTypeRegistry:146 - Adding type registration java.lang.Float -> org.hibernate.type.FloatType@12b2bde5
22:26:39,630 DEBUG BasicTypeRegistry:146 - Adding type registration double -> org.hibernate.type.DoubleType@315c9cb8
22:26:39,631 DEBUG BasicTypeRegistry:146 - Adding type registration double -> org.hibernate.type.DoubleType@315c9cb8
22:26:39,631 DEBUG BasicTypeRegistry:146 - Adding type registration java.lang.Double -> org.hibernate.type.DoubleType@315c9cb8
22:26:39,634 DEBUG BasicTypeRegistry:146 - Adding type registration big_decimal -> org.hibernate.type.BigDecimalType@3c589375
22:26:39,634 DEBUG BasicTypeRegistry:146 - Adding type registration java.math.BigDecimal -> org.hibernate.type.BigDecimalType@3c589375
22:26:39,636 DEBUG BasicTypeRegistry:146 - Adding type registration big_integer -> org.hibernate.type.BigIntegerType@75775dde
22:26:39,636 DEBUG BasicTypeRegistry:146 - Adding type registration java.math.BigInteger -> org.hibernate.type.BigIntegerType@75775dde
22:26:39,638 DEBUG BasicTypeRegistry:146 - Adding type registration string -> org.hibernate.type.StringType@1c466919
22:26:39,638 DEBUG BasicTypeRegistry:146 - Adding type registration java.lang.String -> org.hibernate.type.StringType@1c466919
22:26:39,640 DEBUG BasicTypeRegistry:146 - Adding type registration nstring -> org.hibernate.type.StringNVarcharType@6fc62aa8
22:26:39,641 DEBUG BasicTypeRegistry:146 - Adding type registration ncharacter -> org.hibernate.type.CharacterNCharType@44aab64
22:26:39,643 DEBUG BasicTypeRegistry:146 - Adding type registration url -> org.hibernate.type.UrlType@652130d1
22:26:39,643 DEBUG BasicTypeRegistry:146 - Adding type registration java.net.URL -> org.hibernate.type.UrlType@652130d1
22:26:39,646 DEBUG BasicTypeRegistry:146 - Adding type registration date -> org.hibernate.type.DateType@46d0cc3a
22:26:39,646 DEBUG BasicTypeRegistry:146 - Adding type registration java.sql.Date -> org.hibernate.type.DateType@46d0cc3a
22:26:39,649 DEBUG BasicTypeRegistry:146 - Adding type registration time -> org.hibernate.type.TimeType@415daaef
22:26:39,649 DEBUG BasicTypeRegistry:146 - Adding type registration java.sql.Time -> org.hibernate.type.TimeType@415daaef
22:26:39,651 DEBUG BasicTypeRegistry:146 - Adding type registration timestamp -> org.hibernate.type.TimestampType@7f7f5281
22:26:39,652 DEBUG BasicTypeRegistry:146 - Adding type registration java.sql.Timestamp -> org.hibernate.type.TimestampType@7f7f5281
22:26:39,652 DEBUG BasicTypeRegistry:146 - Adding type registration java.util.Date -> org.hibernate.type.TimestampType@7f7f5281
22:26:39,654 DEBUG BasicTypeRegistry:146 - Adding type registration dbtimestamp -> org.hibernate.type.DbTimestampType@1c995665
22:26:39,656 DEBUG BasicTypeRegistry:146 - Adding type registration calendar -> org.hibernate.type.CalendarType@dfa4f8d
22:26:39,656 DEBUG BasicTypeRegistry:146 - Adding type registration java.util.Calendar -> org.hibernate.type.CalendarType@dfa4f8d
22:26:39,656 DEBUG BasicTypeRegistry:146 - Adding type registration java.util.GregorianCalendar -> org.hibernate.type.CalendarType@dfa4f8d
22:26:39,658 DEBUG BasicTypeRegistry:146 - Adding type registration calendar_date -> org.hibernate.type.CalendarDateType@7fbcac12
22:26:39,659 DEBUG BasicTypeRegistry:146 - Adding type registration locale -> org.hibernate.type.LocaleType@66a7086f
22:26:39,659 DEBUG BasicTypeRegistry:146 - Adding type registration java.util.Locale -> org.hibernate.type.LocaleType@66a7086f
22:26:39,661 DEBUG BasicTypeRegistry:146 - Adding type registration currency -> org.hibernate.type.CurrencyType@784d66f8
22:26:39,661 DEBUG BasicTypeRegistry:146 - Adding type registration java.util.Currency -> org.hibernate.type.CurrencyType@784d66f8
22:26:39,663 DEBUG BasicTypeRegistry:146 - Adding type registration timezone -> org.hibernate.type.TimeZoneType@3f9ab1bf
22:26:39,663 DEBUG BasicTypeRegistry:146 - Adding type registration java.util.TimeZone -> org.hibernate.type.TimeZoneType@3f9ab1bf
22:26:39,665 DEBUG BasicTypeRegistry:146 - Adding type registration class -> org.hibernate.type.ClassType@71ce109a
22:26:39,665 DEBUG BasicTypeRegistry:146 - Adding type registration java.lang.Class -> org.hibernate.type.ClassType@71ce109a
22:26:39,668 DEBUG BasicTypeRegistry:146 - Adding type registration uuid-binary -> org.hibernate.type.UUIDBinaryType@72a548e4
22:26:39,668 DEBUG BasicTypeRegistry:146 - Adding type registration java.util.UUID -> org.hibernate.type.UUIDBinaryType@72a548e4
22:26:39,669 DEBUG BasicTypeRegistry:146 - Adding type registration uuid-char -> org.hibernate.type.UUIDCharType@6ff0ccc2
22:26:39,670 DEBUG BasicTypeRegistry:146 - Adding type registration pg-uuid -> org.hibernate.type.PostgresUUIDType@3f757322
22:26:39,672 DEBUG BasicTypeRegistry:146 - Adding type registration binary -> org.hibernate.type.BinaryType@4099a992
22:26:39,672 DEBUG BasicTypeRegistry:146 - Adding type registration byte[] -> org.hibernate.type.BinaryType@4099a992
22:26:39,673 DEBUG BasicTypeRegistry:146 - Adding type registration [B -> org.hibernate.type.BinaryType@4099a992
22:26:39,674 DEBUG BasicTypeRegistry:146 - Adding type registration wrapper-binary -> org.hibernate.type.WrapperBinaryType@37f75468
22:26:39,675 DEBUG BasicTypeRegistry:146 - Adding type registration Byte[] -> org.hibernate.type.WrapperBinaryType@37f75468
22:26:39,675 DEBUG BasicTypeRegistry:146 - Adding type registration [Ljava.lang.Byte; -> org.hibernate.type.WrapperBinaryType@37f75468
22:26:39,676 DEBUG BasicTypeRegistry:146 - Adding type registration image -> org.hibernate.type.ImageType@3b5ccf46
22:26:39,678 DEBUG BasicTypeRegistry:146 - Adding type registration characters -> org.hibernate.type.CharArrayType@1e5ac2e4
22:26:39,678 DEBUG BasicTypeRegistry:146 - Adding type registration char[] -> org.hibernate.type.CharArrayType@1e5ac2e4
22:26:39,679 DEBUG BasicTypeRegistry:146 - Adding type registration [C -> org.hibernate.type.CharArrayType@1e5ac2e4
22:26:39,680 DEBUG BasicTypeRegistry:146 - Adding type registration wrapper-characters -> org.hibernate.type.CharacterArrayType@78c26d7
22:26:39,680 DEBUG BasicTypeRegistry:146 - Adding type registration [Ljava.lang.Character; -> org.hibernate.type.CharacterArrayType@78c26d7
22:26:39,681 DEBUG BasicTypeRegistry:146 - Adding type registration Character[] -> org.hibernate.type.CharacterArrayType@78c26d7
22:26:39,682 DEBUG BasicTypeRegistry:146 - Adding type registration text -> org.hibernate.type.TextType@23c0e8aa
22:26:39,683 DEBUG BasicTypeRegistry:146 - Adding type registration ntext -> org.hibernate.type.NTextType@5b013dc8
22:26:39,690 DEBUG BasicTypeRegistry:146 - Adding type registration blob -> org.hibernate.type.BlobType@32482417
22:26:39,690 DEBUG BasicTypeRegistry:146 - Adding type registration java.sql.Blob -> org.hibernate.type.BlobType@32482417
22:26:39,691 DEBUG BasicTypeRegistry:146 - Adding type registration materialized_blob -> org.hibernate.type.MaterializedBlobType@31b3c607
22:26:39,697 DEBUG BasicTypeRegistry:146 - Adding type registration clob -> org.hibernate.type.ClobType@5ff8813b
22:26:39,697 DEBUG BasicTypeRegistry:146 - Adding type registration java.sql.Clob -> org.hibernate.type.ClobType@5ff8813b
22:26:39,703 DEBUG BasicTypeRegistry:146 - Adding type registration nclob -> org.hibernate.type.NClobType@72e1c560
22:26:39,703 DEBUG BasicTypeRegistry:146 - Adding type registration java.sql.NClob -> org.hibernate.type.NClobType@72e1c560
22:26:39,704 DEBUG BasicTypeRegistry:146 - Adding type registration materialized_clob -> org.hibernate.type.MaterializedClobType@4a415b46
22:26:39,705 DEBUG BasicTypeRegistry:146 - Adding type registration materialized_nclob -> org.hibernate.type.MaterializedNClobType@6af30a3
22:26:39,706 DEBUG BasicTypeRegistry:146 - Adding type registration serializable -> org.hibernate.type.SerializableType@4038bbd7
22:26:39,710 DEBUG BasicTypeRegistry:146 - Adding type registration object -> org.hibernate.type.ObjectType@2183a41c
22:26:39,710 DEBUG BasicTypeRegistry:146 - Adding type registration java.lang.Object -> org.hibernate.type.ObjectType@2183a41c
22:26:39,711 DEBUG BasicTypeRegistry:146 - Adding type registration imm_date -> org.hibernate.type.AdaptedImmutableType@4224753d
22:26:39,712 DEBUG BasicTypeRegistry:146 - Adding type registration imm_time -> org.hibernate.type.AdaptedImmutableType@6093727d
22:26:39,712 DEBUG BasicTypeRegistry:146 - Adding type registration imm_timestamp -> org.hibernate.type.AdaptedImmutableType@63f12af8
22:26:39,712 DEBUG BasicTypeRegistry:146 - Adding type registration imm_dbtimestamp -> org.hibernate.type.AdaptedImmutableType@323b0e10
22:26:39,712 DEBUG BasicTypeRegistry:146 - Adding type registration imm_calendar -> org.hibernate.type.AdaptedImmutableType@72c350ae
22:26:39,713 DEBUG BasicTypeRegistry:146 - Adding type registration imm_calendar_date -> org.hibernate.type.AdaptedImmutableType@2ab2dd47
22:26:39,713 DEBUG BasicTypeRegistry:146 - Adding type registration imm_binary -> org.hibernate.type.AdaptedImmutableType@277c3833
22:26:39,713 DEBUG BasicTypeRegistry:146 - Adding type registration imm_serializable -> org.hibernate.type.AdaptedImmutableType@8012e6
22:26:39,739  INFO Version:66 - HCANN000001: Hibernate Commons Annotations {4.0.4.Final}
22:26:39,748  INFO Version:54 - HHH000412: Hibernate Core {4.3.4.Final}
22:26:39,751  INFO Environment:239 - HHH000206: hibernate.properties not found
22:26:39,753  INFO Environment:346 - HHH000021: Bytecode provider name : javassist
22:26:39,784  INFO Configuration:2073 - HHH000043: Configuring from resource: hibernate.cfg.xml
22:26:39,784  INFO Configuration:2092 - HHH000040: Configuration resource: hibernate.cfg.xml
22:26:39,836  WARN DTDEntityResolver:75 - HHH000223: Recognized obsolete hibernate namespace http://hibernate.sourceforge.net/. Use namespace http://www.hibernate.org/dtd/ instead. Refer to Hibernate 3.6 Migration Guide!
22:26:39,872  INFO Configuration:2214 - HHH000041: Configured SessionFactory: null
22:26:39,981  WARN DriverManagerConnectionProviderImpl:93 - HHH000402: Using Hibernate built-in connection pool (not for production use!)
22:26:39,989  INFO DriverManagerConnectionProviderImpl:166 - HHH000401: using driver [com.mysql.jdbc.Driver] at URL [jdbc:mysql://localhost:3306/servicerepository?zeroDateTimeBehavior=convertToNull]
22:26:39,990  INFO DriverManagerConnectionProviderImpl:175 - HHH000046: Connection properties: {user=root, password=****}
22:26:39,990  INFO DriverManagerConnectionProviderImpl:180 - HHH000006: Autocommit mode: false
22:26:39,992  INFO DriverManagerConnectionProviderImpl:102 - HHH000115: Hibernate connection pool size: 20 (min=1)
22:26:40,234  INFO Dialect:145 - HHH000400: Using dialect: org.hibernate.dialect.MySQLDialect
22:26:40,397  INFO TransactionFactoryInitiator:62 - HHH000399: Using default transaction strategy (direct JDBC transactions)
22:26:40,403  INFO ASTQueryTranslatorFactory:47 - HHH000397: Using ASTQueryTranslatorFactory
22:26:40,429 TRACE TypeFactory:72 - Scoping types to session factory org.hibernate.internal.SessionFactoryImpl@30fcd103
22:26:40,700  INFO SchemaExport:343 - HHH000227: Running hbm2ddl schema export
22:26:41,915  INFO SchemaExport:405 - HHH000230: Schema export complete
22:26:42,002  INFO DriverManagerConnectionProviderImpl:281 - HHH000030: Cleaning up connection pool [jdbc:mysql://localhost:3306/servicerepository?zeroDateTimeBehavior=convertToNull]
